<?xml version="1.0" encoding="UTF-8"?>
<!-- Generated by org.testng.reporters.JUnitReportReporter -->
<testsuite hostname="DESKTOP-93B8F71" failures="0" tests="2" name="com.mystore.testcases.IndexPageTest" time="14.306" errors="0" timestamp="2022-04-20T09:17:06 EDT" skipped="0">
  <testcase classname="com.mystore.testcases.IndexPageTest" name="verifyLogo" time="6.103"/>
  <system-out/>
  <testcase classname="com.mystore.testcases.IndexPageTest" name="verifyTitle" time="8.203"/>
  <system-out/>
</testsuite> <!-- com.mystore.testcases.IndexPageTest -->
