<?xml version="1.0" encoding="UTF-8"?>
<!-- Generated by org.testng.reporters.JUnitReportReporter -->
<testsuite hostname="DESKTOP-93B8F71" failures="0" tests="2" name="com.mystore.testcases.HomePageTest" time="27.463" errors="0" timestamp="2022-04-20T09:17:06 EDT" skipped="0">
  <testcase classname="com.mystore.testcases.HomePageTest" name="wishListTest" time="12.268"/>
  <system-out/>
  <testcase classname="com.mystore.testcases.HomePageTest" name="orderHistoryandDetailsTest" time="15.195"/>
  <system-out/>
</testsuite> <!-- com.mystore.testcases.HomePageTest -->
