<?xml version="1.0" encoding="UTF-8"?>
<!-- Generated by org.testng.reporters.JUnitReportReporter -->
<testsuite hostname="DESKTOP-93B8F71" failures="0" tests="1" name="com.mystore.testcases.EndToEndTest" time="31.958" errors="0" timestamp="2022-04-10T13:02:40 EDT" skipped="0">
  <testcase classname="com.mystore.testcases.EndToEndTest" name="endToEndTest" time="31.958"/>
  <system-out/>
</testsuite> <!-- com.mystore.testcases.EndToEndTest -->
