<?xml version="1.0" encoding="UTF-8"?>
<!-- Generated by org.testng.reporters.JUnitReportReporter -->
<testsuite hostname="DESKTOP-93B8F71" failures="0" tests="1" name="com.mystore.testcases.SearchResultPageTest" time="16.255" errors="0" timestamp="2022-04-20T09:17:06 EDT" skipped="0">
  <testcase classname="com.mystore.testcases.SearchResultPageTest" name="productAvailiabilityTest" time="16.255"/>
  <system-out/>
</testsuite> <!-- com.mystore.testcases.SearchResultPageTest -->
